// 同步 ID: 576f85ff @ Fri May 22 11:03:01 UTC 2026
// 同步 ID: 8faf77d0 @ Sat May 23 07:54:59 UTC 2026
// 同步 ID: c4baa125 @ Sun May 24 12:41:00 UTC 2026
// 重构日志: ab029a3f
// 重构日志: ec199bf7
// 重构日志: 26e6ceba
// 重构日志: 8e4df447
// 重构日志: 0f2ea78d
// 重构日志: 53d1e8cf
// 重构日志: fd15545c
// 重构日志: 7eff2349
// 同步 ID: a180140f @ Sun May 31 07:02:33 UTC 2026
// 重构日志: 2832cb2e
// 同步 ID: f42d06dd @ Sun May 31 17:30:23 UTC 2026
// 同步 ID: 1a7693f8 @ Sun May 31 21:51:47 UTC 2026
// 重构日志: 6fddd941
// 重构日志: 724e1e4e
// 重构日志: 7a9cf2a5
// 同步 ID: b4be3d45 @ Thu Jun  4 05:55:31 UTC 2026
// 同步 ID: e31050d4 @ Thu Jun  4 10:33:59 UTC 2026
// 重构日志: 86e628c8
// 同步 ID: 1524e550 @ Thu Jun  4 21:22:21 UTC 2026
// 重构日志: e90259d7
// 同步 ID: a85fcdb7 @ Fri Jun  5 13:48:16 UTC 2026
// 同步 ID: 3b3b3596 @ Fri Jun  5 21:02:14 UTC 2026
// 同步 ID: d0e48982 @ Sat Jun  6 02:41:26 UTC 2026
// 重构日志: 11cb8859
// 重构日志: 00b35b6c
// 同步 ID: c44f9e03 @ Sat Jun  6 18:09:03 UTC 2026
// 同步 ID: e0aa3e2b @ Sun Jun  7 12:02:08 UTC 2026
